<?xml version="1.0" encoding="UTF-8"?>
<!-- Generated by org.testng.reporters.JUnitXMLReporter -->
<testsuite ignored="12" hostname="FIS-64" failures="0" tests="0" name="Surefire test" time="0.015" errors="0" timestamp="2022-09-15T17:00:45 EET">
  <testcase classname="tests.TestBase" name="@BeforeSuite openURL" time="0.0">
    <ignored/>
  </testcase> <!-- @BeforeSuite openURL -->
  <testcase classname="tests.TestBase" name="@AfterSuite closeBrowser" time="0.0">
    <ignored/>
  </testcase> <!-- @AfterSuite closeBrowser -->
  <testcase classname="tests.TestBase" name="@BeforeSuite openURL" time="0.0">
    <ignored/>
  </testcase> <!-- @BeforeSuite openURL -->
  <testcase classname="tests.TestBase" name="@AfterSuite closeBrowser" time="0.0">
    <ignored/>
  </testcase> <!-- @AfterSuite closeBrowser -->
  <testcase classname="tests.TestBase" name="@AfterSuite closeBrowser" time="0.0">
    <ignored/>
  </testcase> <!-- @AfterSuite closeBrowser -->
  <testcase classname="tests.TestBase" name="@BeforeSuite openURL" time="0.0">
    <ignored/>
  </testcase> <!-- @BeforeSuite openURL -->
  <testcase classname="tests.TestBase" name="@BeforeSuite openURL" time="0.0">
    <ignored/>
  </testcase> <!-- @BeforeSuite openURL -->
  <testcase classname="tests.TestBase" name="@AfterSuite closeBrowser" time="0.0">
    <ignored/>
  </testcase> <!-- @AfterSuite closeBrowser -->
  <testcase classname="tests.TestBase" name="@BeforeSuite openURL" time="0.0">
    <ignored/>
  </testcase> <!-- @BeforeSuite openURL -->
  <testcase classname="tests.TestBase" name="@AfterSuite closeBrowser" time="0.0">
    <ignored/>
  </testcase> <!-- @AfterSuite closeBrowser -->
  <testcase classname="tests.TestBase" name="@BeforeSuite openURL" time="0.0">
    <ignored/>
  </testcase> <!-- @BeforeSuite openURL -->
  <testcase classname="tests.TestBase" name="@AfterSuite closeBrowser" time="0.0">
    <ignored/>
  </testcase> <!-- @AfterSuite closeBrowser -->
</testsuite> <!-- Surefire test -->
