<?xml version="1.0" encoding="UTF-8"?>
<!-- Generated by org.testng.reporters.JUnitXMLReporter -->
<testsuite ignored="8" hostname="Nagham" failures="0" tests="6" name="Product Purchase Test" time="2.047" errors="0" timestamp="2022-09-15T17:17:31 EET">
  <testcase classname="tests.LoginTest" name="userCanLoginSuccessfully" time="0.701"/>
  <testcase classname="tests.ProductsTest" name="userCanAddProductToCart" time="0.207"/>
  <testcase classname="tests.ProductsTest" name="userCanNavigateToCart" time="0.098"/>
  <testcase classname="tests.CartTest" name="userCanCheckOut" time="0.152"/>
  <testcase classname="tests.CheckoutTest" name="userCanEnterCheckoutInfo" time="0.645"/>
  <testcase classname="tests.ConfirmPurchaseTest" name="userCanConfirmPurchase" time="0.156"/>
  <testcase classname="tests.TestBase" name="@BeforeSuite openURL" time="0.0">
    <ignored/>
  </testcase> <!-- @BeforeSuite openURL -->
  <testcase classname="tests.TestBase" name="@AfterSuite closeBrowser" time="0.0">
    <ignored/>
  </testcase> <!-- @AfterSuite closeBrowser -->
  <testcase classname="tests.TestBase" name="@AfterSuite closeBrowser" time="0.0">
    <ignored/>
  </testcase> <!-- @AfterSuite closeBrowser -->
  <testcase classname="tests.TestBase" name="@AfterSuite closeBrowser" time="0.0">
    <ignored/>
  </testcase> <!-- @AfterSuite closeBrowser -->
  <testcase classname="tests.TestBase" name="@BeforeSuite openURL" time="0.0">
    <ignored/>
  </testcase> <!-- @BeforeSuite openURL -->
  <testcase classname="tests.TestBase" name="@BeforeSuite openURL" time="0.0">
    <ignored/>
  </testcase> <!-- @BeforeSuite openURL -->
  <testcase classname="tests.TestBase" name="@AfterSuite closeBrowser" time="0.0">
    <ignored/>
  </testcase> <!-- @AfterSuite closeBrowser -->
  <testcase classname="tests.TestBase" name="@BeforeSuite openURL" time="0.0">
    <ignored/>
  </testcase> <!-- @BeforeSuite openURL -->
</testsuite> <!-- Product Purchase Test -->
